<?xml version="1.0" encoding="UTF-8"?>
<!-- Generated by org.testng.reporters.JUnitReportReporter -->
<testsuite skipped="0" hostname="DESKTOP-RR2SUSO" name="Test.TestScript" tests="1" failures="0" timestamp="2020-09-17T12:51:30 IST" time="17.855" errors="0">
  <testcase name="verify" time="17.855" classname="Test.TestScript"/>
  <system-out/>
</testsuite> <!-- Test.TestScript -->
